
> my-app@0.1.0 start /Users/jagajeet/Documents/OTTO - User Management/keycloak-e2e-demo/keycloak-mock-app
> react-scripts start

[34mℹ[39m [90m｢wds｣[39m: Project is running at http://192.168.0.149/
[34mℹ[39m [90m｢wds｣[39m: webpack output is served from 
[34mℹ[39m [90m｢wds｣[39m: Content not from webpack is served from /Users/jagajeet/Documents/OTTO - User Management/keycloak-e2e-demo/keycloak-mock-app/public
[34mℹ[39m [90m｢wds｣[39m: 404s will fallback to /
Starting the development server...

Compiled with warnings.

src/index.js
  Line 4:8:  'App' is defined but never used  no-unused-vars

Search for the keywords to learn more about each warning.
To ignore, add // eslint-disable-next-line to the line before.


> my-app@0.1.0 start /Users/jagajeet/Documents/OTTO - User Management/keycloak-e2e-demo/keycloak-mock-app
> react-scripts start

[34mℹ[39m [90m｢wds｣[39m: Project is running at http://192.168.0.149/
[34mℹ[39m [90m｢wds｣[39m: webpack output is served from 
[34mℹ[39m [90m｢wds｣[39m: Content not from webpack is served from /Users/jagajeet/Documents/OTTO - User Management/keycloak-e2e-demo/keycloak-mock-app/public
[34mℹ[39m [90m｢wds｣[39m: 404s will fallback to /
Starting the development server...

Compiled with warnings.

src/index.js
  Line 4:8:  'App' is defined but never used  no-unused-vars

Search for the keywords to learn more about each warning.
To ignore, add // eslint-disable-next-line to the line before.


> my-app@0.1.0 start /Users/jagajeet/Documents/OTTO - User Management/keycloak-e2e-demo/keycloak-mock-app
> react-scripts start

Something is already running on port 3000.

> my-app@0.1.0 start /Users/jagajeet/Documents/OTTO - User Management/keycloak-e2e-demo/keycloak-mock-app
> react-scripts start

[34mℹ[39m [90m｢wds｣[39m: Project is running at http://192.168.0.149/
[34mℹ[39m [90m｢wds｣[39m: webpack output is served from 
[34mℹ[39m [90m｢wds｣[39m: Content not from webpack is served from /Users/jagajeet/Documents/OTTO - User Management/keycloak-e2e-demo/keycloak-mock-app/public
[34mℹ[39m [90m｢wds｣[39m: 404s will fallback to /
Starting the development server...

Compiled with warnings.

src/index.js
  Line 4:8:  'App' is defined but never used  no-unused-vars

Search for the keywords to learn more about each warning.
To ignore, add // eslint-disable-next-line to the line before.


> my-app@0.1.0 start /Users/jagajeet/Documents/OTTO - User Management/keycloak-e2e-demo/keycloak-mock-app
> react-scripts start

Something is already running on port 3000.

> my-app@0.1.0 start /Users/jagajeet/Documents/OTTO - User Management/keycloak-e2e-demo/keycloak-mock-app
> react-scripts start

Something is already running on port 3000.

> my-app@0.1.0 start /Users/jagajeet/Documents/OTTO - User Management/keycloak-e2e-demo/keycloak-mock-app
> react-scripts start

Something is already running on port 3000.

> my-app@0.1.0 start /Users/jagajeet/Documents/OTTO - User Management/keycloak-e2e-demo/keycloak-mock-app
> react-scripts start

Something is already running on port 3000.

> my-app@0.1.0 start /Users/jagajeet/Documents/OTTO - User Management/keycloak-e2e-demo/keycloak-mock-app
> react-scripts start

Something is already running on port 3000.

> my-app@0.1.0 start /Users/jagajeet/Documents/OTTO - User Management/keycloak-e2e-demo/keycloak-mock-app
> react-scripts start

Something is already running on port 3000.

> my-app@0.1.0 start /Users/jagajeet/Documents/OTTO - User Management/keycloak-e2e-demo/keycloak-mock-app
> react-scripts start

Something is already running on port 3000.

> my-app@0.1.0 start /Users/jagajeet/Documents/OTTO - User Management/keycloak-e2e-demo/keycloak-mock-app
> react-scripts start

Something is already running on port 3000.

> my-app@0.1.0 start /Users/jagajeet/Documents/OTTO - User Management/keycloak-e2e-demo/keycloak-mock-app
> react-scripts start

Something is already running on port 3000.

> my-app@0.1.0 start /Users/jagajeet/Documents/OTTO - User Management/keycloak-e2e-demo/keycloak-mock-app
> react-scripts start

Something is already running on port 3000.

> my-app@0.1.0 start /Users/jagajeet/Documents/OTTO - User Management/keycloak-e2e-demo/keycloak-mock-app
> react-scripts start

Something is already running on port 3000.

> my-app@0.1.0 start /Users/jagajeet/Documents/OTTO - User Management/keycloak-e2e-demo/keycloak-mock-app
> react-scripts start

Something is already running on port 3000.

> my-app@0.1.0 start /Users/jagajeet/Documents/OTTO - User Management/keycloak-e2e-demo/keycloak-mock-app
> react-scripts start

Something is already running on port 3000.

> my-app@0.1.0 start /Users/jagajeet/Documents/OTTO - User Management/keycloak-e2e-demo/keycloak-mock-app
> react-scripts start

Something is already running on port 3000.

> my-app@0.1.0 start /Users/jagajeet/Documents/OTTO - User Management/keycloak-e2e-demo/keycloak-mock-app
> react-scripts start

Something is already running on port 3000.

> my-app@0.1.0 start /Users/jagajeet/Documents/OTTO - User Management/keycloak-e2e-demo/keycloak-mock-app
> react-scripts start

Something is already running on port 3000.

> my-app@0.1.0 start /Users/jagajeet/Documents/OTTO - User Management/keycloak-e2e-demo/keycloak-mock-app
> react-scripts start

Something is already running on port 3000.

> my-app@0.1.0 start /Users/jagajeet/Documents/OTTO - User Management/keycloak-e2e-demo/keycloak-mock-app
> react-scripts start

Something is already running on port 3000.
